4	> out.csv `
3	python
3	python2
2	# #
2	` $ ./nouns.py $
2	` $ ./verbs.py $
2	` $ cat $
2	homebrew
2	input file
2	installation
2	pdf_or_text_document.pdf
2	pdf_or_text_document.txt
2	text_document
2	textblob
1	# # #
1	's ` pyenv `
1	's pip
1	//www.clips.uantwerpen.be/pages/pattern-en # parser
1	> out.csv ` # #
1	> out.csv ` # # #
1	[ tags
1	[ virtual environment ]
1	` $ brew install poppler libmagic `
1	` $ deactivate `
1	` $ pip2 install
1	` $ pip2 install -r requirements.txt `
1	` $ python2 -c 'import nltk
1	` $ python2 -m textblob.download_corpora ` # # #
1	` $ python3 -m venv env `
1	` $ source env/bin/activate ` lets
1	` $ sudo
1	` brew install pyenv pyenv-virtualenv `
1	` env `
1	` eval
1	` pyenv
1	` pyenv install 2.7.18 `
1	` pyenv install 3.12.5 `
1	adverbial modifiers
1	apt install build-essential libpoppler-cpp-dev libmagic-dev pkg-config python3-venv `
1	ascii
1	create
1	distribution-level dependencies
1	download
1	extracting
1	extracting noun phrases
1	extracting verb phrases
1	extraction commands
1	final release
1	global environment
1	global system 3.12.5 2.7.18 `
1	install
1	install pattern
1	install python
1	macos installations
1	makefile
1	nltk
1	normal environment
1	noun/verb phrases
1	package dependencies
1	package documentation ]
1	pattern
1	pattern==2.6
1	pdf
1	plain text
1	pyenv init
1	python3
1	readme
1	requirements
1	run
1	script uses [
1	selftest commands
1	shell startup
1	stdin pipe
1	testing
1	tutorial ]
1	ubuntu/debian
1	unicode
1	usage
1	useful links
1	verb phrases
1	| ./nouns.py
1	| ./verbs.py
